# JRE version: Java(TM) SE Runtime Environment (7.0_71-b14) (build 1.7.0_71-b14)
# Java VM: Java HotSpot(TM) 64-Bit Server VM (24.71-b01 mixed mode windows-amd64 compressed oops)
Heap
 PSYoungGen      total 689152K, used 82757K [0x00000007d5e80000, 0x0000000800000000, 0x0000000800000000)
  eden space 688640K, 12% used [0x00000007d5e80000,0x00000007daf51458,0x00000007fff00000)
  from space 512K, 0% used [0x00000007fff00000,0x00000007fff00000,0x00000007fff80000)
  to   space 512K, 0% used [0x00000007fff80000,0x00000007fff80000,0x0000000800000000)
 ParOldGen       total 422400K, used 357244K [0x0000000781c00000, 0x000000079b880000, 0x00000007d5e80000)
  object space 422400K, 84% used [0x0000000781c00000,0x00000007978df240,0x000000079b880000)
 PSPermGen       total 21504K, used 4779K [0x000000077ca00000, 0x000000077df00000, 0x0000000781c00000)
  object space 21504K, 22% used [0x000000077ca00000,0x000000077ceaac20,0x000000077df00000)
GC Heap History (10 events):
Event: 193.564 GC heap before
{Heap before GC invocations=640 (full 64):
 PSYoungGen      total 689152K, used 688640K [0x00000007d5e80000, 0x0000000800000000, 0x0000000800000000)
  eden space 688640K, 100% used [0x00000007d5e80000,0x00000007fff00000,0x00000007fff00000)
  from space 512K, 0% used [0x00000007fff00000,0x00000007fff00000,0x00000007fff80000)
  to   space 512K, 0% used [0x00000007fff80000,0x00000007fff80000,0x0000000800000000)
 ParOldGen       total 422400K, used 357253K [0x0000000781c00000, 0x000000079b880000, 0x00000007d5e80000)
  object space 422400K, 84% used [0x0000000781c00000,0x00000007978e14d8,0x000000079b880000)
 PSPermGen       total 21504K, used 4779K [0x000000077ca00000, 0x000000077df00000, 0x0000000781c00000)
  object space 21504K, 22% used [0x000000077ca00000,0x000000077ceaac00,0x000000077df00000)
Event: 193.675 GC heap after
Heap after GC invocations=640 (full 64):
 PSYoungGen      total 689152K, used 0K [0x00000007d5e80000, 0x0000000800000000, 0x0000000800000000)
  eden space 688640K, 0% used [0x00000007d5e80000,0x00000007d5e80000,0x00000007fff00000)
  from space 512K, 0% used [0x00000007fff00000,0x00000007fff00000,0x00000007fff80000)
  to   space 512K, 0% used [0x00000007fff80000,0x00000007fff80000,0x0000000800000000)
 ParOldGen       total 422400K, used 357245K [0x0000000781c00000, 0x000000079b880000, 0x00000007d5e80000)
  object space 422400K, 84% used [0x0000000781c00000,0x00000007978df4c8,0x000000079b880000)
 PSPermGen       total 21504K, used 4779K [0x000000077ca00000, 0x000000077df00000, 0x0000000781c00000)
  object space 21504K, 22% used [0x000000077ca00000,0x000000077ceaac00,0x000000077df00000)
}
Event: 193.695 GC heap before
{Heap before GC invocations=641 (full 64):
 PSYoungGen      total 689152K, used 55195K [0x00000007d5e80000, 0x0000000800000000, 0x0000000800000000)
  eden space 688640K, 8% used [0x00000007d5e80000,0x00000007d9466d90,0x00000007fff00000)
  from space 512K, 0% used [0x00000007fff00000,0x00000007fff00000,0x00000007fff80000)
  to   space 512K, 0% used [0x00000007fff80000,0x00000007fff80000,0x0000000800000000)
 ParOldGen       total 422400K, used 357245K [0x0000000781c00000, 0x000000079b880000, 0x00000007d5e80000)
  object space 422400K, 84% used [0x0000000781c00000,0x00000007978df4c8,0x000000079b880000)
 PSPermGen       total 21504K, used 4779K [0x000000077ca00000, 0x000000077df00000, 0x0000000781c00000)
  object space 21504K, 22% used [0x000000077ca00000,0x000000077ceaac00,0x000000077df00000)
Event: 193.735 GC heap after
Heap after GC invocations=641 (full 64):
 PSYoungGen      total 689152K, used 32K [0x00000007d5e80000, 0x0000000800000000, 0x0000000800000000)
  eden space 688640K, 0% used [0x00000007d5e80000,0x00000007d5e80000,0x00000007fff00000)
  from space 512K, 6% used [0x00000007fff80000,0x00000007fff88000,0x0000000800000000)
  to   space 512K, 0% used [0x00000007fff00000,0x00000007fff00000,0x00000007fff80000)
 ParOldGen       total 422400K, used 357245K [0x0000000781c00000, 0x000000079b880000, 0x00000007d5e80000)
  object space 422400K, 84% used [0x0000000781c00000,0x00000007978df4c8,0x000000079b880000)
 PSPermGen       total 21504K, used 4779K [0x000000077ca00000, 0x000000077df00000, 0x0000000781c00000)
  object space 21504K, 22% used [0x000000077ca00000,0x000000077ceaac00,0x000000077df00000)
}
Event: 193.735 GC heap before
{Heap before GC invocations=642 (full 65):
 PSYoungGen      total 689152K, used 32K [0x00000007d5e80000, 0x0000000800000000, 0x0000000800000000)
  eden space 688640K, 0% used [0x00000007d5e80000,0x00000007d5e80000,0x00000007fff00000)
  from space 512K, 6% used [0x00000007fff80000,0x00000007fff88000,0x0000000800000000)
  to   space 512K, 0% used [0x00000007fff00000,0x00000007fff00000,0x00000007fff80000)
 ParOldGen       total 422400K, used 357245K [0x0000000781c00000, 0x000000079b880000, 0x00000007d5e80000)
  object space 422400K, 84% used [0x0000000781c00000,0x00000007978df4c8,0x000000079b880000)
 PSPermGen       total 21504K, used 4779K [0x000000077ca00000, 0x000000077df00000, 0x0000000781c00000)
  object space 21504K, 22% used [0x000000077ca00000,0x000000077ceaac00,0x000000077df00000)
Event: 193.831 GC heap after
Heap after GC invocations=642 (full 65):
 PSYoungGen      total 689152K, used 0K [0x00000007d5e80000, 0x0000000800000000, 0x0000000800000000)
  eden space 688640K, 0% used [0x00000007d5e80000,0x00000007d5e80000,0x00000007fff00000)
  from space 512K, 0% used [0x00000007fff80000,0x00000007fff80000,0x0000000800000000)
  to   space 512K, 0% used [0x00000007fff00000,0x00000007fff00000,0x00000007fff80000)
 ParOldGen       total 422400K, used 357244K [0x0000000781c00000, 0x000000079b880000, 0x00000007d5e80000)
  object space 422400K, 84% used [0x0000000781c00000,0x00000007978df3e8,0x000000079b880000)
 PSPermGen       total 21504K, used 4779K [0x000000077ca00000, 0x000000077df00000, 0x0000000781c00000)
  object space 21504K, 22% used [0x000000077ca00000,0x000000077ceaac00,0x000000077df00000)
}
Event: 193.835 GC heap before
{Heap before GC invocations=643 (full 65):
 PSYoungGen      total 689152K, used 0K [0x00000007d5e80000, 0x0000000800000000, 0x0000000800000000)
  eden space 688640K, 0% used [0x00000007d5e80000,0x00000007d5e80000,0x00000007fff00000)
  from space 512K, 0% used [0x00000007fff80000,0x00000007fff80000,0x0000000800000000)
  to   space 512K, 0% used [0x00000007fff00000,0x00000007fff00000,0x00000007fff80000)
 ParOldGen       total 422400K, used 357244K [0x0000000781c00000, 0x000000079b880000, 0x00000007d5e80000)
  object space 422400K, 84% used [0x0000000781c00000,0x00000007978df3e8,0x000000079b880000)
 PSPermGen       total 21504K, used 4779K [0x000000077ca00000, 0x000000077df00000, 0x0000000781c00000)
  object space 21504K, 22% used [0x000000077ca00000,0x000000077ceaac00,0x000000077df00000)
Event: 193.871 GC heap after
Heap after GC invocations=643 (full 65):
 PSYoungGen      total 689152K, used 0K [0x00000007d5e80000, 0x0000000800000000, 0x0000000800000000)
  eden space 688640K, 0% used [0x00000007d5e80000,0x00000007d5e80000,0x00000007fff00000)
  from space 512K, 0% used [0x00000007fff00000,0x00000007fff00000,0x00000007fff80000)
  to   space 512K, 0% used [0x00000007fff80000,0x00000007fff80000,0x0000000800000000)
 ParOldGen       total 422400K, used 357244K [0x0000000781c00000, 0x000000079b880000, 0x00000007d5e80000)
  object space 422400K, 84% used [0x0000000781c00000,0x00000007978df3e8,0x000000079b880000)
 PSPermGen       total 21504K, used 4779K [0x000000077ca00000, 0x000000077df00000, 0x0000000781c00000)
  object space 21504K, 22% used [0x000000077ca00000,0x000000077ceaac00,0x000000077df00000)
}
Event: 193.871 GC heap before
{Heap before GC invocations=644 (full 66):
 PSYoungGen      total 689152K, used 0K [0x00000007d5e80000, 0x0000000800000000, 0x0000000800000000)
  eden space 688640K, 0% used [0x00000007d5e80000,0x00000007d5e80000,0x00000007fff00000)
  from space 512K, 0% used [0x00000007fff00000,0x00000007fff00000,0x00000007fff80000)
  to   space 512K, 0% used [0x00000007fff80000,0x00000007fff80000,0x0000000800000000)
 ParOldGen       total 422400K, used 357244K [0x0000000781c00000, 0x000000079b880000, 0x00000007d5e80000)
  object space 422400K, 84% used [0x0000000781c00000,0x00000007978df3e8,0x000000079b880000)
 PSPermGen       total 21504K, used 4779K [0x000000077ca00000, 0x000000077df00000, 0x0000000781c00000)
  object space 21504K, 22% used [0x000000077ca00000,0x000000077ceaac00,0x000000077df00000)
Event: 194.130 GC heap after
Heap after GC invocations=644 (full 66):
 PSYoungGen      total 689152K, used 0K [0x00000007d5e80000, 0x0000000800000000, 0x0000000800000000)
  eden space 688640K, 0% used [0x00000007d5e80000,0x00000007d5e80000,0x00000007fff00000)
  from space 512K, 0% used [0x00000007fff00000,0x00000007fff00000,0x00000007fff80000)
  to   space 512K, 0% used [0x00000007fff80000,0x00000007fff80000,0x0000000800000000)
 ParOldGen       total 422400K, used 357244K [0x0000000781c00000, 0x000000079b880000, 0x00000007d5e80000)
  object space 422400K, 84% used [0x0000000781c00000,0x00000007978df240,0x000000079b880000)
 PSPermGen       total 21504K, used 4779K [0x000000077ca00000, 0x000000077df00000, 0x0000000781c00000)
  object space 21504K, 22% used [0x000000077ca00000,0x000000077ceaac00,0x000000077df00000)
}

